<?xml version="1.0" encoding="utf-8"?>
<!DOCTYPE hibernate-configuration PUBLIC
	"-//Hibernate/Hibernate Configuration DTD 3.0//EN"
	"http://hibernate.sourceforge.net/hibernate-configuration-3.0.dtd">

<hibernate-configuration>
	<session-factory>
		<mapping resource="bmiage.hbm.xml" />
		<mapping resource="chica_hl7_export_map.hbm.xml" />
		<mapping resource="chica_hl7_export_status.hbm.xml" />
		<mapping resource="chica_hl7_export.hbm.xml" />
		<mapping resource="chica1_appointments.hbm.xml" />
		<mapping resource="chica1_patient_obsv.hbm.xml" />
		<mapping resource="chica1_patient.hbm.xml" />
		<mapping resource="ddst.hbm.xml" />
		<mapping resource="encounter.hbm.xml" />
		<mapping resource="family.hbm.xml" />
		<mapping resource="hcageinf.hbm.xml" />
		<mapping resource="high_bp.hbm.xml" />
		<mapping resource="insurance_mapping.hbm.xml" />
		<mapping resource="lenageinf.hbm.xml" />
		<mapping resource="patient_family.hbm.xml" />
		<mapping resource="study_attribute_value.hbm.xml" />
		<mapping resource="study_attribute.hbm.xml" />
		<mapping resource="study_subject.hbm.xml" />
		<mapping resource="study.hbm.xml" />
		<mapping resource="wtageinf.hbm.xml" />
	    <mapping resource="form_attribute.hbm.xml"/>
	    <mapping resource="form_attribute_value.hbm.xml"/>
	    <mapping resource="program.hbm.xml"/>
	    <mapping resource="state.hbm.xml"/>
	    <mapping resource="state_action.hbm.xml"/>
	    <mapping resource="state_mapping.hbm.xml"/>
	    <mapping resource="error_category.hbm.xml"/>
	    <mapping resource="rule.hbm.xml"/>
	    <mapping resource="session.hbm.xml"/>
	    <mapping resource="patient_state.hbm.xml"/>
	    <mapping resource="form_instance.hbm.xml"/>
	</session-factory>
</hibernate-configuration>
